<wurfl_patch>
	<version>
		<last_updated>September 11, 2010</last_updated>
	</version>
	<devices>
		<!-- Web browsers -->
		<device user_agent="Firefox" fall_back="generic_web_browser" id="firefox">
			<group id="product_info">
				<capability name="brand_name" value="firefox" />
			</group>
		</device>
	</devices>
</wurfl_patch>