<?xml version="1.0" encoding="UTF-8"?>
<beans xmlns="http://www.springframework.org/schema/beans"
	xmlns:xsi="http://www.w3.org/2001/XMLSchema-instance"
	xmlns:aop="http://www.springframework.org/schema/aop"
	xmlns:tx="http://www.springframework.org/schema/tx"
	xmlns:context="http://www.springframework.org/schema/context"
	xsi:schemaLocation="http://www.springframework.org/schema/beans
						http://www.springframework.org/schema/beans/spring-beans-3.0.xsd
						http://www.springframework.org/schema/aop
						http://www.springframework.org/schema/aop/spring-aop-3.0.xsd
						http://www.springframework.org/schema/context
						http://www.springframework.org/schema/context/spring-context-3.0.xsd
						http://www.springframework.org/schema/tx
						http://www.springframework.org/schema/tx/spring-tx-3.0.xsd">

	<bean id="dataSource" class="org.springframework.jdbc.datasource.SimpleDriverDataSource">
		<property name="driverClass" value="org.postgresql.Driver" />
		<property name="url" value="jdbc:postgresql://localhost:5432/spring3" />
		<property name="username" value="postgres" />
		<property name="password" value="postgres" />
	</bean>

	<bean id="transactionManager" class="org.springframework.jdbc.datasource.DataSourceTransactionManager">
		<property name="dataSource" ref="dataSource" />
	</bean>

	<!-- aop -->
	<tx:annotation-driven />

	<!-- 후처리기  -->
	<context:annotation-config />

	<!--  application components -->
	<bean id="userDao" class="springbook.user.dao.UserDaoJdbc">
		<property name="dataSource" ref="dataSource" />
		<property name="sqlService" ref="sqlService" />
	</bean>

	<bean id="sqlService" class="springbook.user.sqlservice.BaseSqlService">
		<property name="sqlReader" ref="sqlReader" />
		<property name="sqlRegistry" ref="sqlRegistry" />
	</bean>

	<bean id="sqlReader" class="springbook.user.sqlservice.JaxbXmlSqlReader">
		<property name="sqlmapFile" value="sqlmap.xml"/>
	</bean>

	<bean id="sqlRegistry" class="springbook.user.sqlservice.HashMapSqlRegistry">
	</bean>

	<bean id="userService" class="springbook.user.service.UserServiceImpl">
		<property name="userDao" ref="userDao" />
		<property name="mailSender" ref="mailSender" />
	</bean>

	<bean id="testUserService" class="springbook.user.service.UserServiceTest$TestUserService" parent="userService" />

	<!--
	<bean id="mailSender" class="org.springframework.mail.javamail.JavaMailSenderImpl">
		<property name="host" value="mail.server.com" />
	</bean>
	 -->
	<bean id="mailSender" class="springbook.user.service.DummyMailSender" />
</beans>
